#
# There is insufficient memory for the Java Runtime Environment to continue.
# Native memory allocation (mmap) failed to map 266338304 bytes for G1 virtual space
# Possible reasons:
#   The system is out of physical RAM or swap space
#   The process is running with CompressedOops enabled, and the Java Heap may be blocking the growth of the native heap
# Possible solutions:
#   Reduce memory load on the system
#   Increase physical memory or swap space
#   Check if swap backing store is full
#   Decrease Java heap size (-Xmx/-Xms)
#   Decrease number of Java threads
#   Decrease Java thread stack sizes (-Xss)
#   Set larger code cache with -XX:ReservedCodeCacheSize=
#   JVM is running with Zero Based Compressed Oops mode in which the Java heap is
#     placed in the first 32GB address space. The Java Heap base address is the
#     maximum limit for the native heap growth. Please use -XX:HeapBaseMinAddress
#     to set the Java Heap base and to place the Java Heap above 32GB virtual address.
# This output file may be truncated or incomplete.
#
#  Out of Memory Error (os_windows.cpp:3550), pid=20060, tid=31684
#
# JRE version:  (17.0.7+8) (build )
# Java VM: Java HotSpot(TM) 64-Bit Server VM (17.0.7+8-LTS-224, mixed mode, emulated-client, sharing, tiered, compressed oops, compressed class ptrs, g1 gc, windows-amd64)
# No core dump will be written. Minidumps are not enabled by default on client versions of Windows
#

---------------  S U M M A R Y ------------

Command Line: -XX:TieredStopAtLevel=1 -Xverify:none -Dspring.output.ansi.enabled=always -Dcom.sun.management.jmxremote -Dspring.jmx.enabled=true -Dspring.liveBeansView.mbeanDomain -Dspring.application.admin.enabled=true -javaagent:D:\java\IDEA\IntelliJ IDEA 2022.1.3\lib\idea_rt.jar=53702:D:\java\IDEA\IntelliJ IDEA 2022.1.3\bin -Dfile.encoding=UTF-8 com.qinggan.cloud.Main8001

Host: 11th Gen Intel(R) Core(TM) i5-11300H @ 3.10GHz, 8 cores, 15G,  Windows 11 , 64 bit Build 22621 (10.0.22621.3374)
Time: Wed May 15 22:29:17 2024  Windows 11 , 64 bit Build 22621 (10.0.22621.3374) elapsed time: 0.141772 seconds (0d 0h 0m 0s)

---------------  T H R E A D  ---------------

Current thread (0x000001f085281fc0):  JavaThread "Unknown thread" [_thread_in_vm, id=31684, stack(0x0000007f92700000,0x0000007f92800000)]

Stack: [0x0000007f92700000,0x0000007f92800000]
Native frames: (J=compiled Java code, j=interpreted, Vv=VM code, C=native code)
V  [jvm.dll+0x676a4a]
V  [jvm.dll+0x7d74f4]
V  [jvm.dll+0x7d8c9e]
V  [jvm.dll+0x7d9303]
V  [jvm.dll+0x2452c5]
V  [jvm.dll+0x6738f9]
V  [jvm.dll+0x668232]
V  [jvm.dll+0x302826]
V  [jvm.dll+0x309da6]
V  [jvm.dll+0x35952e]
V  [jvm.dll+0x35975f]
V  [jvm.dll+0x2d9a38]
V  [jvm.dll+0x2da9a4]
V  [jvm.dll+0x7a8fb1]
V  [jvm.dll+0x3670e1]
V  [jvm.dll+0x788359]
V  [jvm.dll+0x3ea5ef]
V  [jvm.dll+0x3ec071]
C  [jli.dll+0x5297]
C  [ucrtbase.dll+0x29333]
C  [KERNEL32.DLL+0x1257d]
C  [ntdll.dll+0x5aa48]


---------------  P R O C E S S  ---------------

Threads class SMR info:
_java_thread_list=0x00007ffeb67f4998, length=0, elements={
}

Java Threads: ( => current thread )

Other Threads:
  0x000001f0852ee810 GCTaskThread "GC Thread#0" [stack: 0x0000007f92800000,0x0000007f92900000] [id=29908]
  0x000001f0852ff3e0 ConcurrentGCThread "G1 Main Marker" [stack: 0x0000007f92900000,0x0000007f92a00000] [id=23084]
  0x000001f085300e00 ConcurrentGCThread "G1 Conc#0" [stack: 0x0000007f92a00000,0x0000007f92b00000] [id=11788]

[error occurred during error reporting (printing all threads), id 0xc0000005, EXCEPTION_ACCESS_VIOLATION (0xc0000005) at pc=0x00007ffeb602a697]

VM state: not at safepoint (not fully initialized)

VM Mutex/Monitor currently owned by a thread:  ([mutex/lock_event])
[0x000001f08527e9c0] Heap_lock - owner thread: 0x000001f085281fc0

Heap address: 0x0000000703600000, size: 4042 MB, Compressed Oops mode: Zero based, Oop shift amount: 3

CDS archive(s) mapped at: [0x0000000000000000-0x0000000000000000-0x0000000000000000), size 0, SharedBaseAddress: 0x0000000800000000, ArchiveRelocationMode: 0.
Narrow klass base: 0x0000000000000000, Narrow klass shift: 0, Narrow klass range: 0x0

GC Precious Log:
<Empty>

Heap:
 garbage-first heap   total 0K, used 0K [0x0000000703600000, 0x0000000800000000)
  region size 2048K, 0 young (0K), 0 survivors (0K)

[error occurred during error reporting (printing heap information), id 0xc0000005, EXCEPTION_ACCESS_VIOLATION (0xc0000005) at pc=0x00007ffeb64100b9]

GC Heap History (0 events):
No events

Deoptimization events (0 events):
No events

Classes unloaded (0 events):
No events

Classes redefined (0 events):
No events

Internal exceptions (0 events):
No events

VM Operations (0 events):
No events

Events (1 events):
Event: 0.065 Loaded shared library C:\Program Files\Java\jdk-17\bin\java.dll


Dynamic libraries:
0x00007ff73cba0000 - 0x00007ff73cbb0000 	C:\Program Files\Java\jdk-17\bin\java.exe
0x00007fff3e9d0000 - 0x00007fff3ebe6000 	C:\WINDOWS\SYSTEM32\ntdll.dll
0x00007fff3dbc0000 - 0x00007fff3dc84000 	C:\WINDOWS\System32\KERNEL32.DLL
0x00007fff3bf80000 - 0x00007fff3c327000 	C:\WINDOWS\System32\KERNELBASE.dll
0x00007fff3c5e0000 - 0x00007fff3c6f1000 	C:\WINDOWS\System32\ucrtbase.dll
0x00007fff267a0000 - 0x00007fff267bb000 	C:\Program Files\Java\jdk-17\bin\VCRUNTIME140.dll
0x00007fff26570000 - 0x00007fff26589000 	C:\Program Files\Java\jdk-17\bin\jli.dll
0x00007fff3c700000 - 0x00007fff3c7b2000 	C:\WINDOWS\System32\ADVAPI32.dll
0x00007fff3e050000 - 0x00007fff3e0f7000 	C:\WINDOWS\System32\msvcrt.dll
0x00007fff3dc90000 - 0x00007fff3dd38000 	C:\WINDOWS\System32\sechost.dll
0x00007fff3c330000 - 0x00007fff3c358000 	C:\WINDOWS\System32\bcrypt.dll
0x00007fff3d770000 - 0x00007fff3d885000 	C:\WINDOWS\System32\RPCRT4.dll
0x00007fff3e240000 - 0x00007fff3e3ee000 	C:\WINDOWS\System32\USER32.dll
0x00007fff3c4f0000 - 0x00007fff3c516000 	C:\WINDOWS\System32\win32u.dll
0x00007fff3db80000 - 0x00007fff3dba9000 	C:\WINDOWS\System32\GDI32.dll
0x00007fff3bcf0000 - 0x00007fff3be09000 	C:\WINDOWS\System32\gdi32full.dll
0x00007fff3c360000 - 0x00007fff3c3fa000 	C:\WINDOWS\System32\msvcp_win.dll
0x00007fff22080000 - 0x00007fff22313000 	C:\WINDOWS\WinSxS\amd64_microsoft.windows.common-controls_6595b64144ccf1df_6.0.22621.3235_none_270f74e173860f98\COMCTL32.dll
0x00007fff33b90000 - 0x00007fff33b9a000 	C:\WINDOWS\SYSTEM32\VERSION.dll
0x00007fff3d020000 - 0x00007fff3d051000 	C:\WINDOWS\System32\IMM32.DLL
0x00007fff36180000 - 0x00007fff3618c000 	C:\Program Files\Java\jdk-17\bin\vcruntime140_1.dll
0x00007fff17f30000 - 0x00007fff17fbe000 	C:\Program Files\Java\jdk-17\bin\msvcp140.dll
0x00007ffeb5d40000 - 0x00007ffeb691d000 	C:\Program Files\Java\jdk-17\bin\server\jvm.dll
0x00007fff3e410000 - 0x00007fff3e418000 	C:\WINDOWS\System32\PSAPI.DLL
0x00007fff35c10000 - 0x00007fff35c44000 	C:\WINDOWS\SYSTEM32\WINMM.dll
0x00007fff38880000 - 0x00007fff38889000 	C:\WINDOWS\SYSTEM32\WSOCK32.dll
0x00007fff3e1c0000 - 0x00007fff3e231000 	C:\WINDOWS\System32\WS2_32.dll
0x00007fff3ae20000 - 0x00007fff3ae38000 	C:\WINDOWS\SYSTEM32\kernel.appcore.dll
0x00007fff26aa0000 - 0x00007fff26aaa000 	C:\Program Files\Java\jdk-17\bin\jimage.dll
0x00007fff351a0000 - 0x00007fff353d3000 	C:\WINDOWS\SYSTEM32\DBGHELP.DLL
0x00007fff3e420000 - 0x00007fff3e7a8000 	C:\WINDOWS\System32\combase.dll
0x00007fff3da40000 - 0x00007fff3db17000 	C:\WINDOWS\System32\OLEAUT32.dll
0x00007fff1b250000 - 0x00007fff1b282000 	C:\WINDOWS\SYSTEM32\dbgcore.DLL
0x00007fff3c470000 - 0x00007fff3c4e9000 	C:\WINDOWS\System32\bcryptPrimitives.dll
0x00007fff25fd0000 - 0x00007fff25fde000 	C:\Program Files\Java\jdk-17\bin\instrument.dll
0x00007fff21e30000 - 0x00007fff21e55000 	C:\Program Files\Java\jdk-17\bin\java.dll

dbghelp: loaded successfully - version: 4.0.5 - missing functions: none
symbol engine: initialized successfully - sym options: 0x614 - pdb path: .;C:\Program Files\Java\jdk-17\bin;C:\WINDOWS\SYSTEM32;C:\WINDOWS\WinSxS\amd64_microsoft.windows.common-controls_6595b64144ccf1df_6.0.22621.3235_none_270f74e173860f98;C:\Program Files\Java\jdk-17\bin\server

VM Arguments:
jvm_args: -XX:TieredStopAtLevel=1 -Xverify:none -Dspring.output.ansi.enabled=always -Dcom.sun.management.jmxremote -Dspring.jmx.enabled=true -Dspring.liveBeansView.mbeanDomain -Dspring.application.admin.enabled=true -javaagent:D:\java\IDEA\IntelliJ IDEA 2022.1.3\lib\idea_rt.jar=53702:D:\java\IDEA\IntelliJ IDEA 2022.1.3\bin -Dfile.encoding=UTF-8 
java_command: com.qinggan.cloud.Main8001
java_class_path (initial): D:\springcloud\springcloud2024\cloud-provider-payment8001\target\classes;D:\Maven\LocalWarehouse\org\springframework\boot\spring-boot-starter-web\3.2.0\spring-boot-starter-web-3.2.0.jar;D:\Maven\LocalWarehouse\org\springframework\boot\spring-boot-starter\3.2.0\spring-boot-starter-3.2.0.jar;D:\Maven\LocalWarehouse\org\springframework\boot\spring-boot\3.2.0\spring-boot-3.2.0.jar;D:\Maven\LocalWarehouse\org\springframework\boot\spring-boot-starter-logging\3.2.0\spring-boot-starter-logging-3.2.0.jar;D:\Maven\LocalWarehouse\ch\qos\logback\logback-classic\1.4.11\logback-classic-1.4.11.jar;D:\Maven\LocalWarehouse\ch\qos\logback\logback-core\1.4.11\logback-core-1.4.11.jar;D:\Maven\LocalWarehouse\org\apache\logging\log4j\log4j-to-slf4j\2.21.1\log4j-to-slf4j-2.21.1.jar;D:\Maven\LocalWarehouse\org\apache\logging\log4j\log4j-api\2.21.1\log4j-api-2.21.1.jar;D:\Maven\LocalWarehouse\org\slf4j\jul-to-slf4j\2.0.9\jul-to-slf4j-2.0.9.jar;D:\Maven\LocalWarehouse\jakarta\annotation\jakarta.annotation-api\2.1.1\jakarta.annotation-api-2.1.1.jar;D:\Maven\LocalWarehouse\org\yaml\snakeyaml\2.2\snakeyaml-2.2.jar;D:\Maven\LocalWarehouse\org\springframework\boot\spring-boot-starter-json\3.2.0\spring-boot-starter-json-3.2.0.jar;D:\Maven\LocalWarehouse\com\fasterxml\jackson\core\jackson-databind\2.15.3\jackson-databind-2.15.3.jar;D:\Maven\LocalWarehouse\com\fasterxml\jackson\core\jackson-annotations\2.15.3\jackson-annotations-2.15.3.jar;D:\Maven\LocalWarehouse\com\fasterxml\jackson\core\jackson-core\2.15.3\jackson-core-2.15.3.jar;D:\Maven\LocalWarehouse\com\fasterxml\jackson\datatype\jackson-datatype-jdk8\2.15.3\jackson-datatype-jdk8-2.15.3.jar;D:\Maven\LocalWarehouse\com\fasterxml\jackson\datatype\jackson-datatype-jsr310\2.15.3\jackson-datatype-jsr310-2.15.3.jar;D:\Maven\LocalWarehouse\com\fasterxml\jackson\module\jackson-module-parameter-names\2.15.3\jackson-module-parameter-names-2.15.3.jar;D:\Maven\LocalWarehouse\org\springframework\boot\spring-boot-starter-tomcat
Launcher Type: SUN_STANDARD

[Global flags]
     intx CICompilerCount                          = 4                                         {product} {ergonomic}
     uint ConcGCThreads                            = 2                                         {product} {ergonomic}
     uint G1ConcRefinementThreads                  = 8                                         {product} {ergonomic}
   size_t G1HeapRegionSize                         = 2097152                                   {product} {ergonomic}
    uintx GCDrainStackTargetSize                   = 64                                        {product} {ergonomic}
   size_t InitialHeapSize                          = 266338304                                 {product} {ergonomic}
     bool ManagementServer                         = true                                      {product} {command line}
   size_t MarkStackSize                            = 4194304                                   {product} {ergonomic}
   size_t MaxHeapSize                              = 4238344192                                {product} {ergonomic}
   size_t MinHeapDeltaBytes                        = 2097152                                   {product} {ergonomic}
   size_t MinHeapSize                              = 8388608                                   {product} {ergonomic}
    uintx NonProfiledCodeHeapSize                  = 0                                      {pd product} {ergonomic}
     bool ProfileInterpreter                       = false                                  {pd product} {command line}
    uintx ProfiledCodeHeapSize                     = 0                                      {pd product} {ergonomic}
   size_t SoftMaxHeapSize                          = 4238344192                             {manageable} {ergonomic}
     intx TieredStopAtLevel                        = 1                                         {product} {command line}
     bool UseCompressedClassPointers               = true                           {product lp64_product} {ergonomic}
     bool UseCompressedOops                        = true                           {product lp64_product} {ergonomic}
     bool UseG1GC                                  = true                                      {product} {ergonomic}
     bool UseLargePagesIndividualAllocation        = false                                  {pd product} {ergonomic}

Logging:
Log output configuration:
 #0: stdout all=warning uptime,level,tags
 #1: stderr all=off uptime,level,tags

Environment Variables:
JAVA_HOME=C:\Program Files\Java\jdk-11.0.14
CLASSPATH=D:\LINGO\Lingo18.jar
PATH=E:\VMware\bin\;C:\Program Files\Java\jdk-11.0.14\bin;D:\MySQL\MySQL Server 8.0\bin;D:\Maven\apache-maven-3.8.5\bin;C:\Program Files\Common Files\Oracle\Java\javapath;C:\WINDOWS\system32;C:\WINDOWS;C:\WINDOWS\System32\Wbem;C:\WINDOWS\System32\WindowsPowerShell\v1.0\;C:\WINDOWS\System32\OpenSSH\;%JAVA_CLASS%\bin;E:\matlab2018b\bin;D:\LINGO\;D:\Xshell\;D:\Xftp\;C:\Program Files\Git\cmd;D:\DosBox\MASM\;D:\DosBox\MASM\bin;D:\微信开发者工具\微信web开发者工具\dll;D:\vue\;D:\vue\node_global\node_modules;D:\python\Scripts\;D:\python\;D:\Scripts\;D:\;C:\Users\1401687501x's\AppData\Local\Microsoft\WindowsApps;D:\新建文件夹\PyCharm Community Edition 2023.1\bin;;E:\javaData\Tomcat\apache-tomcat-9.0.76\lib;E:\javaData\Tomcat\apache-tomcat-9.0.76\bin;E:\javaData\Tomcat\apache-tomcat-9.0.76\lib\servlet-api.jar;C:\Users\1401687501x's\AppData\Local\GitHubDesktop\bin;D:\VSode\Microsoft VS Code\bin;D:\vue\node_global;"D:\jmeter\apache-jmeter-5.6.3\lib\ext\ApacheJMeter_core.jar;D:\jmeter\apache-jmeter-5.6.3\lib\jorphan.jar;D:\jmeter\apache-jmeter-5.6.3\lib\logkit-2.0.jar;";;D:\鸿蒙\DevEco Studio\bin;
USERNAME=1401687501x's
OS=Windows_NT
PROCESSOR_IDENTIFIER=Intel64 Family 6 Model 140 Stepping 1, GenuineIntel



---------------  S Y S T E M  ---------------

OS:
 Windows 11 , 64 bit Build 22621 (10.0.22621.3374)
OS uptime: 10 days 3:33 hours

CPU: total 8 (initial active 8) (4 cores per cpu, 2 threads per core) family 6 model 140 stepping 1 microcode 0x8a, cx8, cmov, fxsr, ht, mmx, 3dnowpref, sse, sse2, sse3, ssse3, sse4.1, sse4.2, popcnt, lzcnt, tsc, tscinvbit, avx, avx2, aes, erms, clmul, bmi1, bmi2, adx, avx512f, avx512dq, avx512cd, avx512bw, avx512vl, sha, fma, vzeroupper, avx512_vpopcntdq, avx512_vpclmulqdq, avx512_vaes, avx512_vnni, clflush, clflushopt, clwb, avx512_vbmi2, avx512_vbmi

Memory: 4k page, system-wide physical 16167M (3315M free)
TotalPageFile size 41635M (AvailPageFile size 237M)
current process WorkingSet (physical memory assigned to process): 11M, peak: 11M
current process commit charge ("private bytes"): 55M, peak: 309M

vm_info: Java HotSpot(TM) 64-Bit Server VM (17.0.7+8-LTS-224) for windows-amd64 JRE (17.0.7+8-LTS-224), built on Feb 28 2023 23:03:02 by "mach5one" with MS VC++ 17.1 (VS2022)

END.
